[2026-07-13T07:56:31.746Z][INFO] Command-line: 'C:\\Program Files\\Unity\\Hub\\Editor\\6000.5.3f1\\Editor\\Data\\Resources\\PackageManager\\Server\\UnityPackageManager.exe' server -s 26760 --ipc-path Unity-Upm-26760 -l 2 --log-file 'C:\\Users\\BACANI FAM\\Documents\\GitHub\\agihandaanmotorways\\for camera/Logs/upm.log'
[2026-07-13T07:56:31.864Z][INFO] IPC server started (IPC path=Unity-Upm-26760).
[2026-07-13T07:56:31.864Z][INFO] Hint: To connect to this UPM instance, launch Unity with the command-line parameter -upmIpcPath Upm-26760.
[2026-07-13T07:56:58.146Z][INFO] project:list-packages <-- Request received
params: {}
[2026-07-13T07:56:58.644Z][INFO] project:list-packages <-- Request received
params: {}
[2026-07-13T07:56:58.646Z][INFO] config:project:get-registries <-- Request received
params: {}
[2026-07-13T07:56:58.717Z][INFO] config:project:get-registries --> 200 (71 ms)
[2026-07-13T07:56:58.852Z][INFO] project:list-packages --> 200 (706 ms)
[2026-07-13T07:56:58.853Z][INFO] project:update-dependencies <-- Request received
params: {}
[2026-07-13T07:56:58.950Z][INFO] project:update-dependencies --> 200 (98 ms)
[2026-07-13T07:56:58.981Z][INFO] project:resolve-packages <-- Request received
params: {}
[2026-07-13T07:56:59.342Z][INFO] project:list-packages --> 200 (698 ms)
[2026-07-13T07:57:52.711Z][WARN] Requested version [4.9.3] for package [com.unity.searcher] overridden by minimum version [4.9.4].
[2026-07-13T07:57:52.711Z][WARN] Requested version [1.8.14] for package [com.unity.burst] overridden by minimum version [1.8.29].
[2026-07-13T07:57:52.711Z][WARN] Requested version [3.2.0] for package [com.unity.test-framework.performance] overridden by minimum version [3.5.0].
[2026-07-13T07:57:52.715Z][INFO] project:resolve-packages --> 200 (53734 ms)
[2026-07-13T07:59:54.885Z][INFO] project:list-packages <-- Request received
params: {}
[2026-07-13T07:59:54.976Z][INFO] project:list-packages <-- Request received
params: {}
[2026-07-13T07:59:55.576Z][INFO] project:list-packages --> 200 (691 ms)
[2026-07-13T07:59:55.641Z][INFO] project:list-packages --> 200 (665 ms)
[2026-07-13T08:00:02.440Z][INFO] project:list-packages <-- Request received
params: {}
[2026-07-13T08:00:02.987Z][INFO] config:project:get-registries <-- Request received
params: {}
[2026-07-13T08:00:02.999Z][INFO] project:list-packages --> 200 (559 ms)
[2026-07-13T08:00:03.010Z][INFO] config:project:get-registries --> 200 (23 ms)
[2026-07-13T08:01:32.490Z][INFO] project:list-packages <-- Request received
params: {}
[2026-07-13T08:01:32.934Z][INFO] project:list-packages --> 200 (444 ms)
[2026-07-13T08:01:34.099Z][INFO] packages:get-all-packageinfo <-- Request received
params: {}
[2026-07-13T08:01:34.120Z][INFO] packages:get-all-packageinfo <-- Request received
params: {}
[2026-07-13T08:01:36.890Z][INFO] packages:get-all-packageinfo --> 200 (2771 ms)
[2026-07-13T08:01:40.632Z][INFO] packages:get-all-packageinfo --> 200 (6533 ms)
[2026-07-13T08:02:05.347Z][INFO] packages:get-packageinfo <-- Request received
params: {
  "packageId": "com.unity.addressables@2.9.1"
}
[2026-07-13T08:02:05.367Z][INFO] packages:get-packageinfo <-- Request received
params: {
  "packageId": "com.unity.ads.ios-support@1.0.1"
}
[2026-07-13T08:02:05.389Z][INFO] packages:get-packageinfo <-- Request received
params: {
  "packageId": "com.unity.learn.iet-framework@5.0.4"
}
[2026-07-13T08:02:05.392Z][INFO] packages:get-packageinfo <-- Request received
params: {
  "packageId": "com.unity.learn.iet-framework.authoring@1.5.4"
}
[2026-07-13T08:02:05.441Z][INFO] packages:get-packageinfo <-- Request received
params: {
  "packageId": "com.unity.scriptablebuildpipeline@2.6.1"
}
[2026-07-13T08:02:05.443Z][INFO] packages:get-packageinfo <-- Request received
params: {
  "packageId": "com.unity.services.friends@1.1.1"
}
[2026-07-13T08:02:05.445Z][INFO] packages:get-packageinfo <-- Request received
params: {
  "packageId": "com.unity.services.moderation@1.0.2"
}
[2026-07-13T08:02:05.478Z][INFO] packages:get-packageinfo <-- Request received
params: {
  "packageId": "com.unity.xr.management@4.5.4"
}
[2026-07-13T08:02:06.185Z][INFO] packages:get-packageinfo --> 200 (739 ms)
[2026-07-13T08:02:06.194Z][INFO] packages:get-packageinfo --> 200 (750 ms)
[2026-07-13T08:02:06.211Z][INFO] packages:get-packageinfo --> 200 (733 ms)
[2026-07-13T08:02:06.213Z][INFO] packages:get-packageinfo --> 200 (846 ms)
[2026-07-13T08:02:06.217Z][INFO] packages:get-packageinfo --> 200 (825 ms)
[2026-07-13T08:02:06.225Z][INFO] packages:get-packageinfo --> 200 (836 ms)
[2026-07-13T08:02:06.232Z][INFO] packages:get-packageinfo --> 200 (791 ms)
[2026-07-13T08:02:06.246Z][INFO] packages:get-packageinfo --> 200 (899 ms)
[2026-07-13T08:18:24.481Z][INFO] project:list-packages <-- Request received
params: {}
[2026-07-13T08:18:24.567Z][INFO] packages:get-all-packageinfo <-- Request received
params: {}
[2026-07-13T08:18:24.586Z][INFO] project:list-packages <-- Request received
params: {}
[2026-07-13T08:18:27.537Z][INFO] project:list-packages --> 200 (3056 ms)
[2026-07-13T08:18:27.540Z][INFO] project:list-packages --> 200 (2954 ms)
[2026-07-13T08:18:29.351Z][INFO] packages:get-all-packageinfo --> 200 (4784 ms)
[2026-07-13T08:19:04.207Z][INFO] project:add-remove-dependencies <-- Request received
params: {}
[2026-07-13T08:19:10.016Z][INFO] project:add-remove-dependencies --> 200 (5809 ms)
[2026-07-13T08:19:10.105Z][INFO] project:add-remove-dependencies <-- Request received
params: {}
[2026-07-13T08:19:10.544Z][INFO] project:add-remove-dependencies --> 200 (439 ms)
[2026-07-13T08:19:10.783Z][INFO] project:list-packages <-- Request received
params: {}
[2026-07-13T08:19:10.840Z][INFO] project:resolve-packages <-- Request received
params: {}
[2026-07-13T08:19:11.371Z][INFO] project:list-packages --> 200 (588 ms)
[2026-07-13T08:19:11.500Z][WARN] Requested version [1.0.3] for package [com.unity.settings-manager] overridden by minimum version [2.1.1].
[2026-07-13T08:19:11.500Z][WARN] Requested version [4.9.3] for package [com.unity.searcher] overridden by minimum version [4.9.4].
[2026-07-13T08:19:11.500Z][WARN] Requested version [1.8.14] for package [com.unity.burst] overridden by minimum version [1.8.29].
[2026-07-13T08:19:11.500Z][WARN] Requested version [3.2.0] for package [com.unity.test-framework.performance] overridden by minimum version [3.5.0].
[2026-07-13T08:19:11.503Z][INFO] project:resolve-packages --> 200 (663 ms)
[2026-07-13T08:19:11.641Z][INFO] config:project:get-registries <-- Request received
params: {}
[2026-07-13T08:19:11.651Z][INFO] config:project:get-registries --> 200 (10 ms)
[2026-07-13T08:19:11.655Z][INFO] project:list-packages <-- Request received
params: {}
[2026-07-13T08:19:12.618Z][INFO] project:list-packages --> 200 (962 ms)
[2026-07-13T08:20:21.938Z][INFO] project:list-packages <-- Request received
params: {}
[2026-07-13T08:20:22.023Z][INFO] project:list-packages <-- Request received
params: {}
[2026-07-13T08:20:22.551Z][INFO] project:list-packages --> 200 (613 ms)
[2026-07-13T08:20:22.614Z][INFO] project:list-packages --> 200 (591 ms)
[2026-07-13T08:20:22.859Z][INFO] project:list-packages <-- Request received
params: {}
[2026-07-13T08:20:23.254Z][INFO] project:list-packages --> 200 (395 ms)
[2026-07-13T08:20:23.279Z][INFO] config:project:get-registries <-- Request received
params: {}
[2026-07-13T08:20:23.289Z][INFO] config:project:get-registries --> 200 (10 ms)
[2026-07-13T08:20:28.983Z][INFO] project:list-packages <-- Request received
params: {}
[2026-07-13T08:20:29.359Z][INFO] project:list-packages --> 200 (377 ms)
[2026-07-13T08:42:06.046Z][INFO] project:list-packages <-- Request received
params: {}
[2026-07-13T08:42:06.531Z][INFO] project:list-packages --> 200 (485 ms)
[2026-07-13T08:42:07.078Z][INFO] project:list-packages <-- Request received
params: {}
[2026-07-13T08:42:07.544Z][INFO] project:list-packages --> 200 (466 ms)
[2026-07-13T08:42:07.623Z][INFO] config:project:get-registries <-- Request received
params: {}
[2026-07-13T08:42:07.634Z][INFO] config:project:get-registries --> 200 (11 ms)
[2026-07-13T08:43:10.896Z][INFO] project:list-packages <-- Request received
params: {}
[2026-07-13T08:43:11.239Z][INFO] project:list-packages --> 200 (342 ms)
[2026-07-13T08:43:11.713Z][INFO] project:list-packages <-- Request received
params: {}
[2026-07-13T08:43:12.161Z][INFO] project:list-packages --> 200 (448 ms)
[2026-07-13T08:43:12.168Z][INFO] config:project:get-registries <-- Request received
params: {}
[2026-07-13T08:43:12.182Z][INFO] config:project:get-registries --> 200 (13 ms)
[2026-07-13T08:44:41.190Z][INFO] project:list-packages <-- Request received
params: {}
[2026-07-13T08:44:41.526Z][INFO] project:list-packages --> 200 (335 ms)
[2026-07-13T08:44:42.008Z][INFO] project:list-packages <-- Request received
params: {}
[2026-07-13T08:44:42.424Z][INFO] project:list-packages --> 200 (416 ms)
[2026-07-13T08:44:42.443Z][INFO] config:project:get-registries <-- Request received
params: {}
[2026-07-13T08:44:42.451Z][INFO] config:project:get-registries --> 200 (8 ms)
[2026-07-13T08:45:12.094Z][INFO] project:list-packages <-- Request received
params: {}
[2026-07-13T08:45:12.442Z][INFO] project:list-packages --> 200 (349 ms)
[2026-07-13T08:45:13.038Z][INFO] project:list-packages <-- Request received
params: {}
[2026-07-13T08:45:13.423Z][INFO] project:list-packages --> 200 (385 ms)
[2026-07-13T08:45:13.483Z][INFO] config:project:get-registries <-- Request received
params: {}
[2026-07-13T08:45:13.491Z][INFO] config:project:get-registries --> 200 (9 ms)
[2026-07-13T08:46:26.796Z][INFO] project:list-packages <-- Request received
params: {}
[2026-07-13T08:46:27.135Z][INFO] project:list-packages --> 200 (339 ms)
[2026-07-13T08:46:27.703Z][INFO] project:list-packages <-- Request received
params: {}
[2026-07-13T08:46:28.073Z][INFO] project:list-packages --> 200 (370 ms)
[2026-07-13T08:46:28.143Z][INFO] config:project:get-registries <-- Request received
params: {}
[2026-07-13T08:46:28.152Z][INFO] config:project:get-registries --> 200 (9 ms)
[2026-07-13T08:51:33.973Z][INFO] project:list-packages <-- Request received
params: {}
[2026-07-13T08:51:34.317Z][INFO] project:list-packages --> 200 (344 ms)
[2026-07-13T08:51:34.777Z][INFO] project:list-packages <-- Request received
params: {}
[2026-07-13T08:51:35.150Z][INFO] project:list-packages --> 200 (373 ms)
[2026-07-13T08:51:35.221Z][INFO] config:project:get-registries <-- Request received
params: {}
[2026-07-13T08:51:35.231Z][INFO] config:project:get-registries --> 200 (9 ms)
[2026-07-13T08:51:46.594Z][INFO] project:list-packages <-- Request received
params: {}
[2026-07-13T08:51:46.910Z][INFO] project:list-packages --> 200 (316 ms)
[2026-07-13T08:51:47.436Z][INFO] project:list-packages <-- Request received
params: {}
[2026-07-13T08:51:47.807Z][INFO] project:list-packages --> 200 (371 ms)
[2026-07-13T08:51:47.863Z][INFO] config:project:get-registries <-- Request received
params: {}
[2026-07-13T08:51:47.872Z][INFO] config:project:get-registries --> 200 (9 ms)
[2026-07-13T08:53:27.310Z][INFO] project:list-packages <-- Request received
params: {}
[2026-07-13T08:53:27.659Z][INFO] project:list-packages --> 200 (349 ms)
[2026-07-13T08:53:28.231Z][INFO] project:list-packages <-- Request received
params: {}
[2026-07-13T08:53:28.623Z][INFO] project:list-packages --> 200 (392 ms)
[2026-07-13T08:53:28.705Z][INFO] config:project:get-registries <-- Request received
params: {}
[2026-07-13T08:53:28.715Z][INFO] config:project:get-registries --> 200 (10 ms)
[2026-07-13T08:54:46.815Z][INFO] project:list-packages <-- Request received
params: {}
[2026-07-13T08:54:47.143Z][INFO] project:list-packages --> 200 (328 ms)
[2026-07-13T08:54:47.696Z][INFO] project:list-packages <-- Request received
params: {}
[2026-07-13T08:54:48.088Z][INFO] project:list-packages --> 200 (392 ms)
[2026-07-13T08:54:48.133Z][INFO] config:project:get-registries <-- Request received
params: {}
[2026-07-13T08:54:48.144Z][INFO] config:project:get-registries --> 200 (11 ms)
[2026-07-13T08:55:40.003Z][INFO] project:list-packages <-- Request received
params: {}
[2026-07-13T08:55:40.400Z][INFO] project:list-packages --> 200 (397 ms)
[2026-07-13T08:55:40.925Z][INFO] project:list-packages <-- Request received
params: {}
[2026-07-13T08:55:41.308Z][INFO] project:list-packages --> 200 (383 ms)
[2026-07-13T08:55:41.365Z][INFO] config:project:get-registries <-- Request received
params: {}
[2026-07-13T08:55:41.376Z][INFO] config:project:get-registries --> 200 (11 ms)
